<?xml version="1.0" encoding="UTF-8"?>
<!-- Generated by org.testng.reporters.JUnitReportReporter -->
<testsuite skipped="0" hostname="QA" name="online.TestCase" tests="2" failures="0" timestamp="8 May 2017 05:11:32 GMT" time="61.658" errors="0">
  <testcase name="loginShareVK" time="31.647" classname="online.TestCase"/>
  <testcase name="loginShareFB" time="30.011" classname="online.TestCase"/>
</testsuite> <!-- online.TestCase -->
