<?xml version="1.0" encoding="UTF-8"?>
<!-- Generated by org.testng.reporters.JUnitReportReporter -->
<testsuite skipped="0" hostname="QA" name="online.TestCase" tests="1" failures="0" timestamp="4 May 2017 08:36:59 GMT" time="16.947" errors="0">
  <testcase name="loginF" time="16.947" classname="online.TestCase"/>
</testsuite> <!-- online.TestCase -->
